2025-04-26 00:45:52,735 [INFO] WebApp:194 - Connection lost
2025-04-26 00:45:55,271 [INFO] WebApp:191 - Connection restablished
2025-04-26 03:43:51,002 [INFO] WebApp:194 - Connection lost
2025-04-26 03:43:54,707 [INFO] WebApp:191 - Connection restablished
2025-04-26 19:12:30,252 [INFO] WebApp:194 - Connection lost
2025-04-26 19:12:31,370 [INFO] WebApp:191 - Connection restablished
2025-04-26 19:44:24,072 [WARN] IP:2250 - I2C_Coeff_DF not found: check if there is a RefParameter without a condition.
2025-04-26 19:44:24,075 [WARN] IP:2250 - Analog_Filter not found: check if there is a RefParameter without a condition.
2025-04-26 19:44:24,075 [WARN] IP:2250 - I2C_Coeff_DF not found: check if there is a RefParameter without a condition.
2025-04-26 19:44:24,076 [WARN] IP:2250 - Analog_Filter not found: check if there is a RefParameter without a condition.
2025-04-26 19:44:24,133 [WARN] IP:2250 - I2C_Coeff_DF not found: check if there is a RefParameter without a condition.
2025-04-26 19:44:24,133 [WARN] IP:2250 - Analog_Filter not found: check if there is a RefParameter without a condition.
2025-04-26 19:44:24,160 [WARN] IP:2250 - I2C_Coeff_DF not found: check if there is a RefParameter without a condition.
2025-04-26 19:44:24,160 [WARN] IP:2250 - Analog_Filter not found: check if there is a RefParameter without a condition.
2025-04-26 19:44:42,720 [WARN] IP:2250 - I2C_Coeff_DF not found: check if there is a RefParameter without a condition.
2025-04-26 19:44:42,721 [WARN] IP:2250 - Analog_Filter not found: check if there is a RefParameter without a condition.
2025-04-26 19:44:42,721 [WARN] IP:2250 - I2C_Coeff_DF not found: check if there is a RefParameter without a condition.
2025-04-26 19:44:42,721 [WARN] IP:2250 - Analog_Filter not found: check if there is a RefParameter without a condition.
2025-04-26 19:44:42,737 [WARN] IP:2250 - I2C_Coeff_DF not found: check if there is a RefParameter without a condition.
2025-04-26 19:44:42,737 [WARN] IP:2250 - Analog_Filter not found: check if there is a RefParameter without a condition.
2025-04-26 19:44:42,747 [WARN] IP:2250 - I2C_Coeff_DF not found: check if there is a RefParameter without a condition.
2025-04-26 19:44:42,748 [WARN] IP:2250 - Analog_Filter not found: check if there is a RefParameter without a condition.
2025-04-26 19:44:51,212 [WARN] IP:2250 - I2C_Coeff_DF not found: check if there is a RefParameter without a condition.
2025-04-26 19:44:51,212 [WARN] IP:2250 - Analog_Filter not found: check if there is a RefParameter without a condition.
2025-04-26 19:44:51,213 [WARN] IP:2250 - I2C_Coeff_DF not found: check if there is a RefParameter without a condition.
2025-04-26 19:44:51,213 [WARN] IP:2250 - Analog_Filter not found: check if there is a RefParameter without a condition.
2025-04-26 19:44:51,226 [WARN] IP:2250 - I2C_Coeff_DF not found: check if there is a RefParameter without a condition.
2025-04-26 19:44:51,227 [WARN] IP:2250 - Analog_Filter not found: check if there is a RefParameter without a condition.
2025-04-26 19:44:51,245 [WARN] IP:2250 - I2C_Coeff_DF not found: check if there is a RefParameter without a condition.
2025-04-26 19:44:51,246 [WARN] IP:2250 - Analog_Filter not found: check if there is a RefParameter without a condition.
2025-04-26 19:46:49,640 [INFO] NvicIntPanel:101 - NVIC parent = com.st.microxplorer.plugins.ip.nvic.MultiNvicIntPanel[,0,0,0x0,invalid,layout=javax.swing.BoxLayout,alignmentX=0.0,alignmentY=0.0,border=,flags=9,maximumSize=,minimumSize=,preferredSize=]
2025-04-26 19:48:04,762 [WARN] IP:2250 - I2C_Coeff_DF not found: check if there is a RefParameter without a condition.
2025-04-26 19:48:04,763 [WARN] IP:2250 - Analog_Filter not found: check if there is a RefParameter without a condition.
2025-04-26 19:48:48,907 [INFO] NvicIntPanel:101 - NVIC parent = com.st.microxplorer.plugins.ip.nvic.MultiNvicIntPanel[,0,0,450x161,layout=javax.swing.BoxLayout,alignmentX=0.0,alignmentY=0.0,border=,flags=9,maximumSize=,minimumSize=,preferredSize=]
2025-04-26 19:48:53,088 [WARN] IP:2250 - I2C_Coeff_DF not found: check if there is a RefParameter without a condition.
2025-04-26 19:48:53,088 [WARN] IP:2250 - Analog_Filter not found: check if there is a RefParameter without a condition.
2025-04-26 19:49:05,811 [INFO] UtilMem:75 - End SaveConfig() Used Memory: 750441216 Bytes (1073741824)
2025-04-26 19:49:09,301 [INFO] UtilMem:75 - End SaveConfig() Used Memory: 783337832 Bytes (1073741824)
2025-04-26 19:49:22,531 [INFO] UtilMem:75 - End SaveConfig() Used Memory: 855898344 Bytes (1073741824)
2025-04-26 19:49:22,996 [INFO] BlockDiagram:2775 - set Specific Code input for plugin: NVIC
2025-04-26 19:49:22,996 [INFO] BlockDiagram:2775 - set Specific Code input for plugin: TIM1_8F1
2025-04-26 19:49:22,996 [INFO] BlockDiagram:2775 - set Specific Code input for plugin: SYS
2025-04-26 19:49:22,997 [INFO] BlockDiagram:2775 - set Specific Code input for plugin: GPIO
2025-04-26 19:49:22,997 [INFO] BlockDiagram:2775 - set Specific Code input for plugin: RCC
2025-04-26 19:49:22,997 [INFO] BlockDiagram:2775 - set Specific Code input for plugin: I2C
2025-04-26 19:49:22,998 [INFO] CodeGenerator:882 - code generatio: config db path: D:\SW\stm32\STM32CubeIDE_1.18.0\STM32CubeIDE\plugins\com.st.stm32cube.common.mx_6.14.0.202502271554\\db\
2025-04-26 19:49:23,000 [WARN] IP:2250 - I2C_Coeff_DF not found: check if there is a RefParameter without a condition.
2025-04-26 19:49:23,000 [WARN] IP:2250 - Analog_Filter not found: check if there is a RefParameter without a condition.
2025-04-26 19:49:23,183 [INFO] CodeEngine:263 - oldGeneratedFile, D:\PJ\UNIPRO\CSE331\ide\pass_unlock\MXTmpFiles\license.tmp_save
2025-04-26 19:49:23,382 [INFO] CodeEngine:287 - Generated code: D:\PJ\UNIPRO\CSE331\ide\pass_unlock\MXTmpFiles\license.tmp
2025-04-26 19:49:23,453 [INFO] CodeEngine:263 - oldGeneratedFile, D:\PJ\UNIPRO\CSE331\ide\pass_unlock\MXTmpFiles\gpio.tmp_save
2025-04-26 19:49:23,588 [INFO] CodeEngine:287 - Generated code: D:\PJ\UNIPRO\CSE331\ide\pass_unlock\MXTmpFiles\gpio.tmp
2025-04-26 19:49:23,834 [INFO] CodeEngine:263 - oldGeneratedFile, D:\PJ\UNIPRO\CSE331\ide\pass_unlock\Core\Src\stm32f1xx_it.c_save
2025-04-26 19:49:24,128 [INFO] CodeEngine:287 - Generated code: D:\PJ\UNIPRO\CSE331\ide\pass_unlock\Core\Src\stm32f1xx_it.c
2025-04-26 19:49:24,156 [INFO] CodeEngine:263 - oldGeneratedFile, D:\PJ\UNIPRO\CSE331\ide\pass_unlock\Core\Inc\stm32f1xx_it.h_save
2025-04-26 19:49:24,251 [INFO] CodeEngine:287 - Generated code: D:\PJ\UNIPRO\CSE331\ide\pass_unlock\Core\Inc\stm32f1xx_it.h
2025-04-26 19:49:24,292 [INFO] CodeEngine:263 - oldGeneratedFile, D:\PJ\UNIPRO\CSE331\ide\pass_unlock\Core\Src\stm32f1xx_hal_msp.c_save
2025-04-26 19:49:24,459 [INFO] CodeEngine:287 - Generated code: D:\PJ\UNIPRO\CSE331\ide\pass_unlock\Core\Src\stm32f1xx_hal_msp.c
2025-04-26 19:49:24,475 [INFO] CodeEngine:263 - oldGeneratedFile, D:\PJ\UNIPRO\CSE331\ide\pass_unlock\MXTmpFiles\system.tmp_save
2025-04-26 19:49:24,544 [INFO] CodeEngine:287 - Generated code: D:\PJ\UNIPRO\CSE331\ide\pass_unlock\MXTmpFiles\system.tmp
2025-04-26 19:49:24,579 [INFO] CodeEngine:319 - oldGeneratedFile, D:\PJ\UNIPRO\CSE331\ide\pass_unlock\Core\Inc\stm32f1xx_hal_conf.h_save
2025-04-26 19:49:24,678 [INFO] CodeEngine:343 - Generated code: D:\PJ\UNIPRO\CSE331\ide\pass_unlock\Core\Inc\stm32f1xx_hal_conf.h
2025-04-26 19:49:24,717 [INFO] ApiDbMcu:508 - Load IP Config File for TIM1
2025-04-26 19:49:24,718 [WARN] IPConfigManager:3747 - IP not found : TIM
2025-04-26 19:49:24,720 [WARN] CodeGenerator:4198 - IP not found : null
2025-04-26 19:49:24,752 [INFO] CodeEngine:263 - oldGeneratedFile, D:\PJ\UNIPRO\CSE331\ide\pass_unlock\Core\Inc\main.h_save
2025-04-26 19:49:24,859 [INFO] CodeEngine:287 - Generated code: D:\PJ\UNIPRO\CSE331\ide\pass_unlock\Core\Inc\main.h
2025-04-26 19:49:24,890 [INFO] CodeEngine:263 - oldGeneratedFile, D:\PJ\UNIPRO\CSE331\ide\pass_unlock\Core\Src\main.c_save
2025-04-26 19:49:25,037 [INFO] CodeEngine:287 - Generated code: D:\PJ\UNIPRO\CSE331\ide\pass_unlock\Core\Src\main.c
2025-04-26 19:49:25,411 [INFO] ProjectBuilder:3324 - Time for Copy HAL[1] : 212mS.
2025-04-26 19:49:25,415 [INFO] ProjectBuilder:4912 - Project Generator version: 4.6.0-B36
2025-04-26 19:49:25,505 [INFO] ConfigFileManager:1590 - The Die is : DIE410
2025-04-26 19:49:27,101 [INFO] ProjectBuilder:5191 - Time for Generating toolchain IDE Files: 1686mS.
2025-04-26 19:49:27,105 [INFO] ProjectBuilder:3181 - Time for Copy CMSIS : 1mS.
2025-04-26 19:49:27,108 [INFO] ProjectBuilder:3181 - Time for Copy CMSIS : 0mS.
